#
# There is insufficient memory for the Java Runtime Environment to continue.
# Native memory allocation (malloc) failed to allocate 1048576 bytes. Error detail: AllocateHeap
# Possible reasons:
#   The system is out of physical RAM or swap space
#   This process is running with CompressedOops enabled, and the Java Heap may be blocking the growth of the native heap
# Possible solutions:
#   Reduce memory load on the system
#   Increase physical memory or swap space
#   Check if swap backing store is full
#   Decrease Java heap size (-Xmx/-Xms)
#   Decrease number of Java threads
#   Decrease Java thread stack sizes (-Xss)
#   Set larger code cache with -XX:ReservedCodeCacheSize=
#   JVM is running with Unscaled Compressed Oops mode in which the Java heap is
#     placed in the first 4GB address space. The Java Heap base address is the
#     maximum limit for the native heap growth. Please use -XX:HeapBaseMinAddress
#     to set the Java Heap base and to place the Java Heap above 4GB virtual address.
# This output file may be truncated or incomplete.
#
#  Out of Memory Error (allocation.cpp:44), pid=3716, tid=10384
#
# JRE version:  (21.0.9+10) (build )
# Java VM: OpenJDK 64-Bit Server VM (21.0.9+10-LTS, mixed mode, sharing, tiered, compressed oops, compressed class ptrs, parallel gc, windows-amd64)
# No core dump will be written. Minidumps are not enabled by default on client versions of Windows
#

---------------  S U M M A R Y ------------

Command Line: --add-modules=ALL-SYSTEM --add-opens=java.base/java.util=ALL-UNNAMED --add-opens=java.base/java.lang=ALL-UNNAMED --add-opens=java.base/sun.nio.fs=ALL-UNNAMED -Declipse.application=org.eclipse.jdt.ls.core.id1 -Dosgi.bundles.defaultStartLevel=4 -Declipse.product=org.eclipse.jdt.ls.core.product -Djava.import.generatesMetadataFilesAtProjectRoot=false -DDetectVMInstallationsJob.disabled=true -Dfile.encoding=utf8 -XX:+UseParallelGC -XX:GCTimeRatio=4 -XX:AdaptiveSizePolicyWeight=90 -Dsun.zip.disableMemoryMapping=true -Xmx2G -Xms100m -Xlog:disable -javaagent:c:\Users\SF\.vscode-insiders\extensions\redhat.java-1.50.2025112208-win32-x64\lombok\lombok-1.18.39-4050.jar c:\Users\SF\.vscode-insiders\extensions\redhat.java-1.50.2025112208-win32-x64\server\plugins\org.eclipse.equinox.launcher_1.7.100.v20251111-0406.jar -configuration c:\Users\SF\AppData\Roaming\Code - Insiders\User\globalStorage\redhat.java\1.50.2025112208\config_ss_win -data c:\Users\SF\AppData\Roaming\Code - Insiders\User\workspaceStorage\fdcc2a5d6b472505b6a08ff679dc415c\redhat.java\ss_ws --pipe=\\.\pipe\lsp-dc2dedbc4af21de5ae64d98ea7da82ce-sock

Host: Intel(R) Core(TM) i3-5005U CPU @ 2.00GHz, 4 cores, 3G,  Windows 10 , 64 bit Build 19041 (10.0.19041.5915)
Time: Sun May 17 11:34:06 2026 elapsed time: 11.392343 seconds (0d 0h 0m 11s)

---------------  T H R E A D  ---------------

Current thread (0x000002c61cd13ab0):  JavaThread "Unknown thread" [_thread_in_vm, id=10384, stack(0x000000ea7e800000,0x000000ea7e900000) (1024K)]

Stack: [0x000000ea7e800000,0x000000ea7e900000]
Native frames: (J=compiled Java code, j=interpreted, Vv=VM code, C=native code)
V  [jvm.dll+0x6d6e29]
V  [jvm.dll+0x8b4b76]
V  [jvm.dll+0x8b712e]
V  [jvm.dll+0x8b7813]
V  [jvm.dll+0x283d86]
V  [jvm.dll+0xc1277]
V  [jvm.dll+0x70adf2]
V  [jvm.dll+0x70bb2c]
V  [jvm.dll+0x6e59c3]
V  [jvm.dll+0x87e58c]
V  [jvm.dll+0x3c42fc]
V  [jvm.dll+0x86727b]
V  [jvm.dll+0x457391]
V  [jvm.dll+0x458f81]
C  [jli.dll+0x52d0]
C  [ucrtbase.dll+0x21bb2]
C  [KERNEL32.DLL+0x17374]
C  [ntdll.dll+0x4cc91]


---------------  P R O C E S S  ---------------

Threads class SMR info:
_java_thread_list=0x000002c61efec260, length=1, elements={
0x000002c61cd13ab0
}

Java Threads: ( => current thread )
=>0x000002c61cd13ab0 JavaThread "Unknown thread"             [_thread_in_vm, id=10384, stack(0x000000ea7e800000,0x000000ea7e900000) (1024K)]
Total: 1

Other Threads:
  0x000002c61efec650 WatcherThread "VM Periodic Task Thread"        [id=2020, stack(0x000000ea7ea00000,0x000000ea7eb00000) (1024K)]
  0x000002c61ef9fea0 WorkerThread "GC Thread#0"                     [id=9564, stack(0x000000ea7e900000,0x000000ea7ea00000) (1024K)]
Total: 2

Threads with active compile tasks:
Total: 0

VM state: not at safepoint (normal execution)

VM Mutex/Monitor currently owned by a thread: None

Heap address: 0x0000000080000000, size: 2048 MB, Compressed Oops mode: 32-bit

CDS archive(s) mapped at: [0x000002c636000000-0x000002c636ba0000-0x000002c636ba0000), size 12189696, SharedBaseAddress: 0x000002c636000000, ArchiveRelocationMode: 1.
Compressed class space mapped at: 0x000002c637000000-0x000002c677000000, reserved size: 1073741824
Narrow klass base: 0x000002c636000000, Narrow klass shift: 0, Narrow klass range: 0x100000000

GC Precious Log:
 CardTable entry size: 512
 CPUs: 4 total, 4 available
 Memory: 4011M
 Large Page Support: Disabled
 NUMA Support: Disabled
 Compressed Oops: Enabled (32-bit)
 Alignments: Space 512K, Generation 512K, Heap 2M
 Heap Min Capacity: 100M
 Heap Initial Capacity: 100M
 Heap Max Capacity: 2G
 Pre-touch: Disabled
 Parallel Workers: 4

Heap:
 PSYoungGen      total 29696K, used 512K [0x00000000d5580000, 0x00000000d7680000, 0x0000000100000000)
  eden space 25600K, 2% used [0x00000000d5580000,0x00000000d5600020,0x00000000d6e80000)
  from space 4096K, 0% used [0x00000000d7280000,0x00000000d7280000,0x00000000d7680000)
  to   space 4096K, 0% used [0x00000000d6e80000,0x00000000d6e80000,0x00000000d7280000)
 ParOldGen       total 68608K, used 0K [0x0000000080000000, 0x0000000084300000, 0x00000000d5580000)
  object space 68608K, 0% used [0x0000000080000000,0x0000000080000000,0x0000000084300000)
 Metaspace       used 0K, committed 0K, reserved 1048576K
  class space    used 0K, committed 0K, reserved 1048576K

Card table byte_map: [0x000002c61e930000,0x000002c61ed40000] _byte_map_base: 0x000002c61e530000

Marking Bits: (ParMarkBitMap*) 0x00007ffee9952460
 Begin Bits: [0x000002c631440000, 0x000002c633440000)
 End Bits:   [0x000002c633440000, 0x000002c635440000)

Polling page: 0x000002c61cc80000

Metaspace:

Usage:
  Non-class:      0 bytes used.
      Class:      0 bytes used.
       Both:      0 bytes used.

Virtual space:
  Non-class space:        0 bytes reserved,       0 bytes (  ?%) committed,  0 nodes.
      Class space:        1.00 GB reserved,       0 bytes (  0%) committed,  1 nodes.
             Both:        1.00 GB reserved,       0 bytes (  0%) committed. 

Chunk freelists:
   Non-Class:  0 bytes
       Class:  16.00 MB
        Both:  16.00 MB

MaxMetaspaceSize: unlimited
CompressedClassSpaceSize: 1.00 GB
Initial GC threshold: 21.00 MB
Current GC threshold: 17179869184.00 GB
CDS: on
 - commit_granule_bytes: 65536.
 - commit_granule_words: 8192.
 - virtual_space_node_default_size: 8388608.
 - enlarge_chunks_in_place: 1.
 - use_allocation_guard: 0.


Internal statistics:

num_allocs_failed_limit: 0.
num_arena_births: 0.
num_arena_deaths: 0.
num_vsnodes_births: 1.
num_vsnodes_deaths: 0.
num_space_committed: 0.
num_space_uncommitted: 0.
num_chunks_returned_to_freelist: 0.
num_chunks_taken_from_freelist: 1.
num_chunk_merges: 0.
num_chunk_splits: 1.
num_chunks_enlarged: 0.
num_inconsistent_stats: 0.

CodeHeap 'non-profiled nmethods': size=120000Kb used=0Kb max_used=0Kb free=120000Kb
 bounds [0x000002c629c60000, 0x000002c629ed0000, 0x000002c631190000]
CodeHeap 'profiled nmethods': size=120000Kb used=0Kb max_used=0Kb free=120000Kb
 bounds [0x000002c622190000, 0x000002c622400000, 0x000002c6296c0000]
CodeHeap 'non-nmethods': size=5760Kb used=194Kb max_used=342Kb free=5565Kb
 bounds [0x000002c6296c0000, 0x000002c629930000, 0x000002c629c60000]
CodeCache: size=245760Kb, used=194Kb, max_used=342Kb, free=245565Kb
 total_blobs=70, nmethods=0, adapters=48, full_count=0
Compilation: enabled, stopped_count=0, restarted_count=0

Compilation events (0 events):
No events

GC Heap History (0 events):
No events

Dll operation events (1 events):
Event: 4.446 Loaded shared library c:\Users\SF\.vscode-insiders\extensions\redhat.java-1.50.2025112208-win32-x64\jre\21.0.9-win32-x86_64\bin\java.dll

Deoptimization events (0 events):
No events

Classes loaded (0 events):
No events

Classes unloaded (0 events):
No events

Classes redefined (0 events):
No events

Internal exceptions (0 events):
No events

ZGC Phase Switch (0 events):
No events

VM Operations (0 events):
No events

Memory protections (0 events):
No events

Nmethod flushes (0 events):
No events

Events (1 events):
Event: 8.894 Thread 0x000002c61cd13ab0 Thread added: 0x000002c61cd13ab0


Dynamic libraries:
0x00007ff693820000 - 0x00007ff69382e000 	c:\Users\SF\.vscode-insiders\extensions\redhat.java-1.50.2025112208-win32-x64\jre\21.0.9-win32-x86_64\bin\java.exe
0x00007fff39eb0000 - 0x00007fff3a0a8000 	C:\Windows\SYSTEM32\ntdll.dll
0x00007fff389c0000 - 0x00007fff38a82000 	C:\Windows\System32\KERNEL32.DLL
0x00007fff37bd0000 - 0x00007fff37ec6000 	C:\Windows\System32\KERNELBASE.dll
0x00007fff37a40000 - 0x00007fff37b40000 	C:\Windows\System32\ucrtbase.dll
0x00007fff0f700000 - 0x00007fff0f71e000 	c:\Users\SF\.vscode-insiders\extensions\redhat.java-1.50.2025112208-win32-x64\jre\21.0.9-win32-x86_64\bin\VCRUNTIME140.dll
0x00007fff0f630000 - 0x00007fff0f648000 	c:\Users\SF\.vscode-insiders\extensions\redhat.java-1.50.2025112208-win32-x64\jre\21.0.9-win32-x86_64\bin\jli.dll
0x00007fff386e0000 - 0x00007fff38881000 	C:\Windows\System32\USER32.dll
0x00007fff376a0000 - 0x00007fff376c2000 	C:\Windows\System32\win32u.dll
0x00007fff38640000 - 0x00007fff3866b000 	C:\Windows\System32\GDI32.dll
0x00007fff376d0000 - 0x00007fff377e9000 	C:\Windows\System32\gdi32full.dll
0x00007fff379a0000 - 0x00007fff37a3d000 	C:\Windows\System32\msvcp_win.dll
0x00007fff1ea40000 - 0x00007fff1ecdb000 	C:\Windows\WinSxS\amd64_microsoft.windows.common-controls_6595b64144ccf1df_6.0.19041.6456_none_60b8a6cb71f64256\COMCTL32.dll
0x00007fff39d70000 - 0x00007fff39e0e000 	C:\Windows\System32\msvcrt.dll
0x00007fff39000000 - 0x00007fff3902f000 	C:\Windows\System32\IMM32.DLL
0x00007fff33ed0000 - 0x00007fff33edc000 	c:\Users\SF\.vscode-insiders\extensions\redhat.java-1.50.2025112208-win32-x64\jre\21.0.9-win32-x86_64\bin\vcruntime140_1.dll
0x00007fff04180000 - 0x00007fff0420d000 	c:\Users\SF\.vscode-insiders\extensions\redhat.java-1.50.2025112208-win32-x64\jre\21.0.9-win32-x86_64\bin\msvcp140.dll
0x00007ffee8c90000 - 0x00007ffee9a30000 	c:\Users\SF\.vscode-insiders\extensions\redhat.java-1.50.2025112208-win32-x64\jre\21.0.9-win32-x86_64\bin\server\jvm.dll
0x00007fff38e10000 - 0x00007fff38ec1000 	C:\Windows\System32\ADVAPI32.dll
0x00007fff38ee0000 - 0x00007fff38f7f000 	C:\Windows\System32\sechost.dll
0x00007fff38ac0000 - 0x00007fff38be0000 	C:\Windows\System32\RPCRT4.dll
0x00007fff37540000 - 0x00007fff37567000 	C:\Windows\System32\bcrypt.dll
0x00007fff38670000 - 0x00007fff386db000 	C:\Windows\System32\WS2_32.dll
0x00007fff373a0000 - 0x00007fff373eb000 	C:\Windows\SYSTEM32\POWRPROF.dll
0x00007fff1e760000 - 0x00007fff1e787000 	C:\Windows\SYSTEM32\WINMM.dll
0x00007fff29e60000 - 0x00007fff29e6a000 	C:\Windows\SYSTEM32\VERSION.dll
0x00007fff37380000 - 0x00007fff37392000 	C:\Windows\SYSTEM32\UMPDC.dll
0x00007fff35590000 - 0x00007fff355a2000 	C:\Windows\SYSTEM32\kernel.appcore.dll
0x00007fff270d0000 - 0x00007fff270da000 	c:\Users\SF\.vscode-insiders\extensions\redhat.java-1.50.2025112208-win32-x64\jre\21.0.9-win32-x86_64\bin\jimage.dll
0x00007fff352a0000 - 0x00007fff354a1000 	C:\Windows\SYSTEM32\DBGHELP.DLL
0x00007fff25960000 - 0x00007fff25994000 	C:\Windows\SYSTEM32\dbgcore.DLL
0x00007fff37b40000 - 0x00007fff37bc2000 	C:\Windows\System32\bcryptPrimitives.dll
0x00007fff213f0000 - 0x00007fff213ff000 	c:\Users\SF\.vscode-insiders\extensions\redhat.java-1.50.2025112208-win32-x64\jre\21.0.9-win32-x86_64\bin\instrument.dll
0x00007fff0f6e0000 - 0x00007fff0f700000 	c:\Users\SF\.vscode-insiders\extensions\redhat.java-1.50.2025112208-win32-x64\jre\21.0.9-win32-x86_64\bin\java.dll

JVMTI agents:
c:\Users\SF\.vscode-insiders\extensions\redhat.java-1.50.2025112208-win32-x64\lombok\lombok-1.18.39-4050.jar path:none, loaded, not initialized, instrumentlib options:none

dbghelp: loaded successfully - version: 4.0.5 - missing functions: none
symbol engine: initialized successfully - sym options: 0x614 - pdb path: .;c:\Users\SF\.vscode-insiders\extensions\redhat.java-1.50.2025112208-win32-x64\jre\21.0.9-win32-x86_64\bin;C:\Windows\SYSTEM32;C:\Windows\WinSxS\amd64_microsoft.windows.common-controls_6595b64144ccf1df_6.0.19041.6456_none_60b8a6cb71f64256;c:\Users\SF\.vscode-insiders\extensions\redhat.java-1.50.2025112208-win32-x64\jre\21.0.9-win32-x86_64\bin\server

VM Arguments:
jvm_args: --add-modules=ALL-SYSTEM --add-opens=java.base/java.util=ALL-UNNAMED --add-opens=java.base/java.lang=ALL-UNNAMED --add-opens=java.base/sun.nio.fs=ALL-UNNAMED -Declipse.application=org.eclipse.jdt.ls.core.id1 -Dosgi.bundles.defaultStartLevel=4 -Declipse.product=org.eclipse.jdt.ls.core.product -Djava.import.generatesMetadataFilesAtProjectRoot=false -DDetectVMInstallationsJob.disabled=true -Dfile.encoding=utf8 -XX:+UseParallelGC -XX:GCTimeRatio=4 -XX:AdaptiveSizePolicyWeight=90 -Dsun.zip.disableMemoryMapping=true -Xmx2G -Xms100m -Xlog:disable -javaagent:c:\Users\SF\.vscode-insiders\extensions\redhat.java-1.50.2025112208-win32-x64\lombok\lombok-1.18.39-4050.jar 
java_command: c:\Users\SF\.vscode-insiders\extensions\redhat.java-1.50.2025112208-win32-x64\server\plugins\org.eclipse.equinox.launcher_1.7.100.v20251111-0406.jar -configuration c:\Users\SF\AppData\Roaming\Code - Insiders\User\globalStorage\redhat.java\1.50.2025112208\config_ss_win -data c:\Users\SF\AppData\Roaming\Code - Insiders\User\workspaceStorage\fdcc2a5d6b472505b6a08ff679dc415c\redhat.java\ss_ws --pipe=\\.\pipe\lsp-dc2dedbc4af21de5ae64d98ea7da82ce-sock
java_class_path (initial): c:\Users\SF\.vscode-insiders\extensions\redhat.java-1.50.2025112208-win32-x64\server\plugins\org.eclipse.equinox.launcher_1.7.100.v20251111-0406.jar
Launcher Type: SUN_STANDARD

[Global flags]
    uintx AdaptiveSizePolicyWeight                 = 90                                        {product} {command line}
     intx CICompilerCount                          = 3                                         {product} {ergonomic}
    uintx GCTimeRatio                              = 4                                         {product} {command line}
   size_t InitialHeapSize                          = 104857600                                 {product} {command line}
   size_t MaxHeapSize                              = 2147483648                                {product} {command line}
   size_t MaxNewSize                               = 715653120                                 {product} {ergonomic}
   size_t MinHeapDeltaBytes                        = 524288                                    {product} {ergonomic}
   size_t MinHeapSize                              = 104857600                                 {product} {command line}
   size_t NewSize                                  = 34603008                                  {product} {ergonomic}
    uintx NonNMethodCodeHeapSize                   = 5832780                                {pd product} {ergonomic}
    uintx NonProfiledCodeHeapSize                  = 122912730                              {pd product} {ergonomic}
   size_t OldSize                                  = 70254592                                  {product} {ergonomic}
    uintx ProfiledCodeHeapSize                     = 122912730                              {pd product} {ergonomic}
    uintx ReservedCodeCacheSize                    = 251658240                              {pd product} {ergonomic}
     bool SegmentedCodeCache                       = true                                      {product} {ergonomic}
   size_t SoftMaxHeapSize                          = 2147483648                             {manageable} {ergonomic}
     bool UseCompressedOops                        = true                           {product lp64_product} {ergonomic}
     bool UseLargePagesIndividualAllocation        = false                                  {pd product} {ergonomic}
     bool UseParallelGC                            = true                                      {product} {command line}

Logging:
Log output configuration:
 #0: stdout all=off uptime,level,tags foldmultilines=false
 #1: stderr all=off uptime,level,tags foldmultilines=false

Release file:
<release file has not been read>
Environment Variables:
PATH=C:\Program Files\Common Files\Oracle\Java\javapath;C:\Program Files (x86)\Common Files\Oracle\Java\java8path;C:\Program Files (x86)\Common Files\Oracle\Java\javapath;C:\Windows\system32;C:\Windows;C:\Windows\System32\Wbem;C:\Windows\System32\WindowsPowerShell\v1.0\;C:\Windows\System32\OpenSSH\;C:\Program Files\nodejs\;C:\Users\SF\AppData\Local\Microsoft\WindowsApps;C:\Users\SF\AppData\Local\Programs\Microsoft VS Code Insiders\bin;C:\Users\SF\AppData\Roaming\npm
USERNAME=SF
OS=Windows_NT
PROCESSOR_IDENTIFIER=Intel64 Family 6 Model 61 Stepping 4, GenuineIntel
TMP=C:\Users\SF\AppData\Local\Temp
TEMP=C:\Users\SF\AppData\Local\Temp




Periodic native trim disabled

---------------  S Y S T E M  ---------------

OS:
 Windows 10 , 64 bit Build 19041 (10.0.19041.5915)
OS uptime: 0 days 16:51 hours

CPU: total 4 (initial active 4) (2 cores per cpu, 2 threads per core) family 6 model 61 stepping 4 microcode 0x2d, cx8, cmov, fxsr, ht, mmx, 3dnowpref, sse, sse2, sse3, ssse3, sse4.1, sse4.2, popcnt, lzcnt, tsc, tscinvbit, avx, avx2, aes, erms, clmul, bmi1, bmi2, adx, fma, vzeroupper, clflush, rdtscp, f16c
Processor Information for the first 4 processors :
  Max Mhz: 2000, Current Mhz: 2000, Mhz Limit: 2000

Memory: 4k page, system-wide physical 4011M (647M free)
TotalPageFile size 6059M (AvailPageFile size 123M)
current process WorkingSet (physical memory assigned to process): 24M, peak: 24M
current process commit charge ("private bytes"): 192M, peak: 193M

vm_info: OpenJDK 64-Bit Server VM (21.0.9+10-LTS) for windows-amd64 JRE (21.0.9+10-LTS), built on 2025-10-21T00:00:00Z by "admin" with unknown MS VC++:1942

END.
